<?xml version="1.0" encoding="UTF-8"?>
<robot generator="Robot 4.0.1 (Python 3.9.2 on win32)" generated="20210505 23:28:30.362" rpa="false" schemaversion="2">
<suite id="s1" name="Main" source="C:\Users\kim_z\PycharmProjects\WebTesting\Main.robot">
<test id="s1-t1" name="Scenario1">
<kw name="Open Browser" library="SeleniumLibrary" type="SETUP">
<arg>https://staging.arthuronline.co.uk/login?X-MODE=QA-eW91LXdpbi1ub3RoaW5nCg</arg>
<arg>chrome</arg>
<doc>Opens a new browser instance to the optional ``url``.</doc>
<msg timestamp="20210505 23:28:30.595" level="INFO">Opening browser 'chrome' to base url 'https://staging.arthuronline.co.uk/login?X-MODE=QA-eW91LXdpbi1ub3RoaW5nCg'.</msg>
<status status="PASS" starttime="20210505 23:28:30.595" endtime="20210505 23:28:33.921"/>
</kw>
<kw name="Login to system" library="Login_to_system">
<kw name="Set Selenium Timeout" library="SeleniumLibrary">
<arg>10 seconds</arg>
<doc>Sets the timeout that is used by various keywords.</doc>
<status status="PASS" starttime="20210505 23:28:33.922" endtime="20210505 23:28:33.923"/>
</kw>
<kw name="Set Selenium Speed" library="SeleniumLibrary">
<arg>1</arg>
<doc>Sets the delay that is waited after each Selenium command.</doc>
<status status="PASS" starttime="20210505 23:28:33.923" endtime="20210505 23:28:33.923"/>
</kw>
<kw name="Maximize Browser Window" library="SeleniumLibrary">
<doc>Maximizes current browser window.</doc>
<status status="PASS" starttime="20210505 23:28:33.923" endtime="20210505 23:28:35.046"/>
</kw>
<kw name="Input Text" library="SeleniumLibrary">
<arg>name:data[User][email]</arg>
<arg>robot+tester_1@firecreekweb.com</arg>
<doc>Types the given ``text`` into the text field identified by ``locator``.</doc>
<msg timestamp="20210505 23:28:35.046" level="INFO">Typing text 'robot+tester_1@firecreekweb.com' into text field 'name:data[User][email]'.</msg>
<status status="PASS" starttime="20210505 23:28:35.046" endtime="20210505 23:28:38.126"/>
</kw>
<kw name="Input Text" library="SeleniumLibrary">
<arg>name:data[User][password]</arg>
<arg>Qwerty66#</arg>
<doc>Types the given ``text`` into the text field identified by ``locator``.</doc>
<msg timestamp="20210505 23:28:38.126" level="INFO">Typing text 'Qwerty66#' into text field 'name:data[User][password]'.</msg>
<status status="PASS" starttime="20210505 23:28:38.126" endtime="20210505 23:28:41.206"/>
</kw>
<kw name="Wait Until Page Contains Element" library="SeleniumLibrary">
<arg>xpath://input[@value='Log in']</arg>
<doc>Waits until the element ``locator`` appears on the current page.</doc>
<status status="PASS" starttime="20210505 23:28:41.206" endtime="20210505 23:28:42.222"/>
</kw>
<kw name="Click Button" library="SeleniumLibrary">
<arg>xpath://input[@value='Log in']</arg>
<doc>Clicks the button identified by ``locator``.</doc>
<msg timestamp="20210505 23:28:42.222" level="INFO">Clicking button 'xpath://input[@value='Log in']'.</msg>
<status status="PASS" starttime="20210505 23:28:42.222" endtime="20210505 23:28:52.176"/>
</kw>
<status status="PASS" starttime="20210505 23:28:33.921" endtime="20210505 23:28:52.176"/>
</kw>
<kw name="Validate to Login to system" library="Login_to_system">
<kw name="Set Selenium Timeout" library="SeleniumLibrary">
<arg>10 seconds</arg>
<doc>Sets the timeout that is used by various keywords.</doc>
<status status="PASS" starttime="20210505 23:28:52.177" endtime="20210505 23:28:53.180"/>
</kw>
<kw name="Set Selenium Speed" library="SeleniumLibrary">
<arg>1</arg>
<doc>Sets the delay that is waited after each Selenium command.</doc>
<status status="PASS" starttime="20210505 23:28:53.180" endtime="20210505 23:28:53.180"/>
</kw>
<kw name="Wait Until Page Contains Element" library="SeleniumLibrary">
<arg>xpath://*[@data-panel='account']</arg>
<doc>Waits until the element ``locator`` appears on the current page.</doc>
<status status="PASS" starttime="20210505 23:28:53.180" endtime="20210505 23:28:54.200"/>
</kw>
<kw name="Click Element" library="SeleniumLibrary">
<arg>xpath://*[@data-panel='account']</arg>
<doc>Click the element identified by ``locator``.</doc>
<msg timestamp="20210505 23:28:54.200" level="INFO">Clicking element 'xpath://*[@data-panel='account']'.</msg>
<status status="PASS" starttime="20210505 23:28:54.200" endtime="20210505 23:28:56.259"/>
</kw>
<kw name="Wait Until Page Contains Element" library="SeleniumLibrary">
<arg>xpath://div[@class='my-account main-account']//div[@class='name']</arg>
<doc>Waits until the element ``locator`` appears on the current page.</doc>
<status status="PASS" starttime="20210505 23:28:56.259" endtime="20210505 23:28:57.274"/>
</kw>
<kw name="Get Text" library="SeleniumLibrary">
<var>${actual}</var>
<arg>xpath://div[@class='my-account main-account']//div[@class='name']</arg>
<doc>Returns the text value of the element identified by ``locator``.</doc>
<msg timestamp="20210505 23:28:59.295" level="INFO">${actual} = Robot Tester 1</msg>
<status status="PASS" starttime="20210505 23:28:57.274" endtime="20210505 23:28:59.295"/>
</kw>
<kw name="Log To Console" library="BuiltIn">
<arg>expected:${expectedLogin}__actual:${actual}</arg>
<doc>Logs the given message to the console.</doc>
<status status="PASS" starttime="20210505 23:28:59.295" endtime="20210505 23:28:59.295"/>
</kw>
<kw name="Should Be True" library="BuiltIn">
<arg>"""${expectedLogin}""".lower() == """${actual}""".lower()</arg>
<doc>Fails if the given condition is not true.</doc>
<status status="PASS" starttime="20210505 23:28:59.295" endtime="20210505 23:28:59.296"/>
</kw>
<status status="PASS" starttime="20210505 23:28:52.177" endtime="20210505 23:28:59.296"/>
</kw>
<kw name="Close Browser" library="SeleniumLibrary" type="TEARDOWN">
<doc>Closes the current browser.</doc>
<status status="PASS" starttime="20210505 23:28:59.296" endtime="20210505 23:29:02.357"/>
</kw>
<status status="PASS" starttime="20210505 23:28:30.594" endtime="20210505 23:29:02.357"/>
</test>
<test id="s1-t2" name="Scenario2">
<kw name="Open Browser" library="SeleniumLibrary" type="SETUP">
<arg>https://staging.arthuronline.co.uk/login?X-MODE=QA-eW91LXdpbi1ub3RoaW5nCg</arg>
<arg>chrome</arg>
<doc>Opens a new browser instance to the optional ``url``.</doc>
<msg timestamp="20210505 23:29:02.360" level="INFO">Opening browser 'chrome' to base url 'https://staging.arthuronline.co.uk/login?X-MODE=QA-eW91LXdpbi1ub3RoaW5nCg'.</msg>
<status status="PASS" starttime="20210505 23:29:02.359" endtime="20210505 23:29:07.028"/>
</kw>
<kw name="Login to system" library="Login_to_system">
<kw name="Set Selenium Timeout" library="SeleniumLibrary">
<arg>10 seconds</arg>
<doc>Sets the timeout that is used by various keywords.</doc>
<status status="PASS" starttime="20210505 23:29:07.028" endtime="20210505 23:29:08.036"/>
</kw>
<kw name="Set Selenium Speed" library="SeleniumLibrary">
<arg>1</arg>
<doc>Sets the delay that is waited after each Selenium command.</doc>
<status status="PASS" starttime="20210505 23:29:08.036" endtime="20210505 23:29:08.036"/>
</kw>
<kw name="Maximize Browser Window" library="SeleniumLibrary">
<doc>Maximizes current browser window.</doc>
<status status="PASS" starttime="20210505 23:29:08.036" endtime="20210505 23:29:09.169"/>
</kw>
<kw name="Input Text" library="SeleniumLibrary">
<arg>name:data[User][email]</arg>
<arg>robot+tester_1@firecreekweb.com</arg>
<doc>Types the given ``text`` into the text field identified by ``locator``.</doc>
<msg timestamp="20210505 23:29:09.169" level="INFO">Typing text 'robot+tester_1@firecreekweb.com' into text field 'name:data[User][email]'.</msg>
<status status="PASS" starttime="20210505 23:29:09.169" endtime="20210505 23:29:12.247"/>
</kw>
<kw name="Input Text" library="SeleniumLibrary">
<arg>name:data[User][password]</arg>
<arg>Qwerty66#</arg>
<doc>Types the given ``text`` into the text field identified by ``locator``.</doc>
<msg timestamp="20210505 23:29:12.247" level="INFO">Typing text 'Qwerty66#' into text field 'name:data[User][password]'.</msg>
<status status="PASS" starttime="20210505 23:29:12.247" endtime="20210505 23:29:15.336"/>
</kw>
<kw name="Wait Until Page Contains Element" library="SeleniumLibrary">
<arg>xpath://input[@value='Log in']</arg>
<doc>Waits until the element ``locator`` appears on the current page.</doc>
<status status="PASS" starttime="20210505 23:29:15.336" endtime="20210505 23:29:16.353"/>
</kw>
<kw name="Click Button" library="SeleniumLibrary">
<arg>xpath://input[@value='Log in']</arg>
<doc>Clicks the button identified by ``locator``.</doc>
<msg timestamp="20210505 23:29:16.354" level="INFO">Clicking button 'xpath://input[@value='Log in']'.</msg>
<status status="PASS" starttime="20210505 23:29:16.353" endtime="20210505 23:29:26.522"/>
</kw>
<status status="PASS" starttime="20210505 23:29:07.028" endtime="20210505 23:29:26.522"/>
</kw>
<kw name="Add property" library="Add_a_property_with_a_multiple_rentable_units">
<var>${PropertyName}</var>
<kw name="Generate Random String" library="String">
<var>${RandomNumber}</var>
<arg>8</arg>
<arg>[NUMBERS]</arg>
<doc>Generates a string with a desired ``length`` from the given ``chars``.</doc>
<msg timestamp="20210505 23:29:26.523" level="INFO">${RandomNumber} = 90047224</msg>
<status status="PASS" starttime="20210505 23:29:26.523" endtime="20210505 23:29:26.523"/>
</kw>
<kw name="Generate Random String" library="String">
<var>${ProfileAddressName}</var>
<arg>8</arg>
<arg>[LETTERS]</arg>
<doc>Generates a string with a desired ``length`` from the given ``chars``.</doc>
<msg timestamp="20210505 23:29:26.523" level="INFO">${ProfileAddressName} = VGIKtClz</msg>
<status status="PASS" starttime="20210505 23:29:26.523" endtime="20210505 23:29:26.523"/>
</kw>
<kw name="Catenate" library="BuiltIn">
<var>${Address}</var>
<arg>SEPARATOR=-</arg>
<arg>HouseNo.</arg>
<arg>${RandomNumber}</arg>
<doc>Catenates the given items together and returns the resulted string.</doc>
<msg timestamp="20210505 23:29:26.523" level="INFO">${Address} = HouseNo.-90047224</msg>
<status status="PASS" starttime="20210505 23:29:26.523" endtime="20210505 23:29:26.523"/>
</kw>
<kw name="Set Variable" library="BuiltIn">
<var>${UnitCount}</var>
<arg>4</arg>
<doc>Returns the given values which can then be assigned to a variables.</doc>
<msg timestamp="20210505 23:29:26.524" level="INFO">${UnitCount} = 4</msg>
<status status="PASS" starttime="20210505 23:29:26.524" endtime="20210505 23:29:26.524"/>
</kw>
<kw name="Set Selenium Speed" library="SeleniumLibrary">
<arg>1</arg>
<doc>Sets the delay that is waited after each Selenium command.</doc>
<status status="PASS" starttime="20210505 23:29:26.524" endtime="20210505 23:29:26.524"/>
</kw>
<kw name="Set Selenium Timeout" library="SeleniumLibrary">
<arg>20 seconds</arg>
<doc>Sets the timeout that is used by various keywords.</doc>
<status status="PASS" starttime="20210505 23:29:26.524" endtime="20210505 23:29:27.536"/>
</kw>
<kw name="Wait Until Page Contains Element" library="SeleniumLibrary">
<arg>xpath://a[@title='Properties' and @href='/robottester/properties/index']</arg>
<doc>Waits until the element ``locator`` appears on the current page.</doc>
<status status="PASS" starttime="20210505 23:29:27.536" endtime="20210505 23:29:28.552"/>
</kw>
<kw name="Click Element" library="SeleniumLibrary">
<arg>xpath://a[@title='Properties' and @href='/robottester/properties/index']</arg>
<doc>Click the element identified by ``locator``.</doc>
<msg timestamp="20210505 23:29:28.552" level="INFO">Clicking element 'xpath://a[@title='Properties' and @href='/robottester/properties/index']'.</msg>
<status status="PASS" starttime="20210505 23:29:28.552" endtime="20210505 23:29:30.613"/>
</kw>
<kw name="Wait Until Page Contains Element" library="SeleniumLibrary">
<arg>xpath://ul[@class='children']//a[@href='/robottester/properties/index']//span[text()='Properties']</arg>
<doc>Waits until the element ``locator`` appears on the current page.</doc>
<status status="PASS" starttime="20210505 23:29:30.613" endtime="20210505 23:29:31.637"/>
</kw>
<kw name="Click Element" library="SeleniumLibrary">
<arg>xpath://ul[@class='children']//a[@href='/robottester/properties/index']//span[text()='Properties']</arg>
<doc>Click the element identified by ``locator``.</doc>
<msg timestamp="20210505 23:29:31.637" level="INFO">Clicking element 'xpath://ul[@class='children']//a[@href='/robottester/properties/index']//span[text()='Properties']'.</msg>
<status status="PASS" starttime="20210505 23:29:31.637" endtime="20210505 23:29:33.701"/>
</kw>
<kw name="Wait Until Page Contains Element" library="SeleniumLibrary">
<arg>xpath://a[contains(text(),'Add Property')]//i[@class='fa fa-plus']</arg>
<doc>Waits until the element ``locator`` appears on the current page.</doc>
<status status="PASS" starttime="20210505 23:29:33.701" endtime="20210505 23:29:34.710"/>
</kw>
<kw name="Click Element" library="SeleniumLibrary">
<arg>xpath://a[contains(text(),'Add Property')]//i[@class='fa fa-plus']</arg>
<doc>Click the element identified by ``locator``.</doc>
<msg timestamp="20210505 23:29:34.710" level="INFO">Clicking element 'xpath://a[contains(text(),'Add Property')]//i[@class='fa fa-plus']'.</msg>
<status status="PASS" starttime="20210505 23:29:34.710" endtime="20210505 23:29:36.787"/>
</kw>
<kw name="Wait Until Page Contains Element" library="SeleniumLibrary">
<arg>xpath://*[text()='Property with multiple rentable units']</arg>
<doc>Waits until the element ``locator`` appears on the current page.</doc>
<status status="PASS" starttime="20210505 23:29:36.787" endtime="20210505 23:29:39.035"/>
</kw>
<kw name="Click Element" library="SeleniumLibrary">
<arg>xpath://*[text()='Property with multiple rentable units']</arg>
<doc>Click the element identified by ``locator``.</doc>
<msg timestamp="20210505 23:29:39.035" level="INFO">Clicking element 'xpath://*[text()='Property with multiple rentable units']'.</msg>
<status status="PASS" starttime="20210505 23:29:39.035" endtime="20210505 23:29:41.131"/>
</kw>
<kw name="Wait Until Page Contains Element" library="SeleniumLibrary">
<arg>name:data[Profile][address_name]</arg>
<doc>Waits until the element ``locator`` appears on the current page.</doc>
<status status="PASS" starttime="20210505 23:29:41.131" endtime="20210505 23:29:42.145"/>
</kw>
<kw name="Input Text" library="SeleniumLibrary">
<arg>name:data[Profile][address_name]</arg>
<arg>${ProfileAddressName}</arg>
<doc>Types the given ``text`` into the text field identified by ``locator``.</doc>
<msg timestamp="20210505 23:29:42.145" level="INFO">Typing text 'VGIKtClz' into text field 'name:data[Profile][address_name]'.</msg>
<status status="PASS" starttime="20210505 23:29:42.145" endtime="20210505 23:29:45.268"/>
</kw>
<kw name="Wait Until Page Contains Element" library="SeleniumLibrary">
<arg>xpath://div[@id='s2id_PropertyOwnerId']//div//b</arg>
<doc>Waits until the element ``locator`` appears on the current page.</doc>
<status status="PASS" starttime="20210505 23:29:45.268" endtime="20210505 23:29:46.280"/>
</kw>
<kw name="Click Element" library="SeleniumLibrary">
<arg>xpath://div[@id='s2id_PropertyOwnerId']//div//b</arg>
<doc>Click the element identified by ``locator``.</doc>
<msg timestamp="20210505 23:29:46.280" level="INFO">Clicking element 'xpath://div[@id='s2id_PropertyOwnerId']//div//b'.</msg>
<status status="PASS" starttime="20210505 23:29:46.280" endtime="20210505 23:29:48.331"/>
</kw>
<kw name="Wait Until Page Contains Element" library="SeleniumLibrary">
<arg>xpath://div[@class='select2-result-label' and text()='Owner 1 - Sansiri']</arg>
<doc>Waits until the element ``locator`` appears on the current page.</doc>
<status status="PASS" starttime="20210505 23:29:48.331" endtime="20210505 23:29:49.352"/>
</kw>
<kw name="Click Element" library="SeleniumLibrary">
<arg>xpath://div[@class='select2-result-label' and text()='Owner 1 - Sansiri']</arg>
<doc>Click the element identified by ``locator``.</doc>
<msg timestamp="20210505 23:29:49.352" level="INFO">Clicking element 'xpath://div[@class='select2-result-label' and text()='Owner 1 - Sansiri']'.</msg>
<status status="PASS" starttime="20210505 23:29:49.352" endtime="20210505 23:29:51.424"/>
</kw>
<kw name="Wait Until Page Contains Element" library="SeleniumLibrary">
<arg>name:data[Profile][address1]</arg>
<doc>Waits until the element ``locator`` appears on the current page.</doc>
<status status="PASS" starttime="20210505 23:29:51.424" endtime="20210505 23:29:52.434"/>
</kw>
<kw name="Input Text" library="SeleniumLibrary">
<arg>name:data[Profile][address1]</arg>
<arg>${Address}</arg>
<doc>Types the given ``text`` into the text field identified by ``locator``.</doc>
<msg timestamp="20210505 23:29:52.434" level="INFO">Typing text 'HouseNo.-90047224' into text field 'name:data[Profile][address1]'.</msg>
<status status="PASS" starttime="20210505 23:29:52.434" endtime="20210505 23:29:55.554"/>
</kw>
<kw name="Wait Until Page Contains Element" library="SeleniumLibrary">
<arg>name:data[Profile][postcode]</arg>
<doc>Waits until the element ``locator`` appears on the current page.</doc>
<status status="PASS" starttime="20210505 23:29:55.554" endtime="20210505 23:29:56.573"/>
</kw>
<kw name="Input Text" library="SeleniumLibrary">
<arg>name:data[Profile][postcode]</arg>
<arg>${RandomNumber}</arg>
<doc>Types the given ``text`` into the text field identified by ``locator``.</doc>
<msg timestamp="20210505 23:29:56.573" level="INFO">Typing text '90047224' into text field 'name:data[Profile][postcode]'.</msg>
<status status="PASS" starttime="20210505 23:29:56.573" endtime="20210505 23:29:59.678"/>
</kw>
<kw name="Wait Until Page Contains Element" library="SeleniumLibrary">
<arg>name:data[Profile][city]</arg>
<doc>Waits until the element ``locator`` appears on the current page.</doc>
<status status="PASS" starttime="20210505 23:29:59.678" endtime="20210505 23:30:00.699"/>
</kw>
<kw name="Input Text" library="SeleniumLibrary">
<arg>name:data[Profile][city]</arg>
<arg>Bangkok</arg>
<doc>Types the given ``text`` into the text field identified by ``locator``.</doc>
<msg timestamp="20210505 23:30:00.699" level="INFO">Typing text 'Bangkok' into text field 'name:data[Profile][city]'.</msg>
<status status="PASS" starttime="20210505 23:30:00.699" endtime="20210505 23:30:03.793"/>
</kw>
<kw name="Wait Until Page Contains Element" library="SeleniumLibrary">
<arg>name:data[Profile][county]</arg>
<doc>Waits until the element ``locator`` appears on the current page.</doc>
<status status="PASS" starttime="20210505 23:30:03.793" endtime="20210505 23:30:04.817"/>
</kw>
<kw name="Input Text" library="SeleniumLibrary">
<arg>name:data[Profile][county]</arg>
<arg>Thailand</arg>
<doc>Types the given ``text`` into the text field identified by ``locator``.</doc>
<msg timestamp="20210505 23:30:04.817" level="INFO">Typing text 'Thailand' into text field 'name:data[Profile][county]'.</msg>
<status status="PASS" starttime="20210505 23:30:04.817" endtime="20210505 23:30:07.922"/>
</kw>
<kw name="Wait Until Page Contains Element" library="SeleniumLibrary">
<arg>name:data[Profile][area_id]</arg>
<doc>Waits until the element ``locator`` appears on the current page.</doc>
<status status="PASS" starttime="20210505 23:30:07.922" endtime="20210505 23:30:08.938"/>
</kw>
<kw name="Click Element" library="SeleniumLibrary">
<arg>name:data[Profile][area_id]</arg>
<doc>Click the element identified by ``locator``.</doc>
<msg timestamp="20210505 23:30:08.938" level="INFO">Clicking element 'name:data[Profile][area_id]'.</msg>
<status status="PASS" starttime="20210505 23:30:08.938" endtime="20210505 23:30:11.008"/>
</kw>
<kw name="Wait Until Page Contains Element" library="SeleniumLibrary">
<arg>xpath://select[@name='data[Profile][area_id]']//option[text()='No matches found']</arg>
<doc>Waits until the element ``locator`` appears on the current page.</doc>
<status status="PASS" starttime="20210505 23:30:11.008" endtime="20210505 23:30:12.028"/>
</kw>
<kw name="Click Element" library="SeleniumLibrary">
<arg>xpath://select[@name='data[Profile][area_id]']//option[text()='No matches found']</arg>
<doc>Click the element identified by ``locator``.</doc>
<msg timestamp="20210505 23:30:12.028" level="INFO">Clicking element 'xpath://select[@name='data[Profile][area_id]']//option[text()='No matches found']'.</msg>
<status status="PASS" starttime="20210505 23:30:12.028" endtime="20210505 23:30:14.086"/>
</kw>
<kw name="Wait Until Page Contains Element" library="SeleniumLibrary">
<arg>xpath://div[@id='s2id_PropertyPropertyRequiredCertificateTypeIds']</arg>
<doc>Waits until the element ``locator`` appears on the current page.</doc>
<status status="PASS" starttime="20210505 23:30:14.086" endtime="20210505 23:30:15.108"/>
</kw>
<kw name="Input Text" library="SeleniumLibrary">
<arg>id:s2id_autogen8</arg>
<arg>Gas\n</arg>
<doc>Types the given ``text`` into the text field identified by ``locator``.</doc>
<msg timestamp="20210505 23:30:15.108" level="INFO">Typing text 'Gas
' into text field 'id:s2id_autogen8'.</msg>
<status status="PASS" starttime="20210505 23:30:15.108" endtime="20210505 23:30:18.261"/>
</kw>
<kw name="Wait Until Page Contains Element" library="SeleniumLibrary">
<arg>xpath://input[@type='checkbox' and @name='data[Property][full_access]']</arg>
<doc>Waits until the element ``locator`` appears on the current page.</doc>
<status status="PASS" starttime="20210505 23:30:18.261" endtime="20210505 23:30:19.283"/>
</kw>
<kw name="Run Keyword And Return Status" library="BuiltIn">
<var>${Checkbox}</var>
<arg>checkbox should be selected</arg>
<arg>xpath://input[@type='checkbox' and @name='data[Property][full_access]']</arg>
<doc>Runs the given keyword with given arguments and returns the status as a Boolean value.</doc>
<kw name="Checkbox Should Be Selected" library="SeleniumLibrary">
<arg>xpath://input[@type='checkbox' and @name='data[Property][full_access]']</arg>
<doc>Verifies checkbox ``locator`` is selected/checked.</doc>
<msg timestamp="20210505 23:30:19.283" level="INFO">Verifying checkbox 'xpath://input[@type='checkbox' and @name='data[Property][full_access]']' is selected.</msg>
<status status="PASS" starttime="20210505 23:30:19.283" endtime="20210505 23:30:23.321"/>
</kw>
<msg timestamp="20210505 23:30:23.321" level="INFO">${Checkbox} = True</msg>
<status status="PASS" starttime="20210505 23:30:19.283" endtime="20210505 23:30:23.321"/>
</kw>
<kw name="Run Keyword If" library="BuiltIn">
<arg>${Checkbox} == False</arg>
<arg>check box if it is unchecked</arg>
<doc>Runs the given keyword with the given arguments, if ``condition`` is true.</doc>
<status status="PASS" starttime="20210505 23:30:23.321" endtime="20210505 23:30:23.321"/>
</kw>
<kw name="Wait Until Page Contains Element" library="SeleniumLibrary">
<arg>name:data[Property][unit_count]</arg>
<doc>Waits until the element ``locator`` appears on the current page.</doc>
<status status="PASS" starttime="20210505 23:30:23.321" endtime="20210505 23:30:24.336"/>
</kw>
<kw name="Input Text" library="SeleniumLibrary">
<arg>name:data[Property][unit_count]</arg>
<arg>${UnitCount}</arg>
<doc>Types the given ``text`` into the text field identified by ``locator``.</doc>
<msg timestamp="20210505 23:30:24.336" level="INFO">Typing text '4' into text field 'name:data[Property][unit_count]'.</msg>
<status status="PASS" starttime="20210505 23:30:24.336" endtime="20210505 23:30:27.454"/>
</kw>
<kw name="Wait Until Page Contains Element" library="SeleniumLibrary">
<arg>xpath://input[@value='Next, Units Settings ']</arg>
<doc>Waits until the element ``locator`` appears on the current page.</doc>
<status status="PASS" starttime="20210505 23:30:27.454" endtime="20210505 23:30:28.477"/>
</kw>
<kw name="Click Element" library="SeleniumLibrary">
<arg>xpath://input[@value='Next, Units Settings ']</arg>
<doc>Click the element identified by ``locator``.</doc>
<msg timestamp="20210505 23:30:28.477" level="INFO">Clicking element 'xpath://input[@value='Next, Units Settings ']'.</msg>
<status status="PASS" starttime="20210505 23:30:28.477" endtime="20210505 23:30:30.586"/>
</kw>
<kw name="Wait Until Page Contains Element" library="SeleniumLibrary">
<arg>name:data[Prefix][Unit][unit_type_id]</arg>
<doc>Waits until the element ``locator`` appears on the current page.</doc>
<status status="PASS" starttime="20210505 23:30:30.586" endtime="20210505 23:30:31.603"/>
</kw>
<kw name="Click Element" library="SeleniumLibrary">
<arg>name:data[Prefix][Unit][unit_type_id]</arg>
<doc>Click the element identified by ``locator``.</doc>
<msg timestamp="20210505 23:30:31.603" level="INFO">Clicking element 'name:data[Prefix][Unit][unit_type_id]'.</msg>
<status status="PASS" starttime="20210505 23:30:31.603" endtime="20210505 23:30:33.694"/>
</kw>
<kw name="Wait Until Page Contains Element" library="SeleniumLibrary">
<arg>xpath://select[@name='data[Prefix][Unit][unit_type_id]']/option[3]</arg>
<doc>Waits until the element ``locator`` appears on the current page.</doc>
<status status="PASS" starttime="20210505 23:30:33.694" endtime="20210505 23:30:34.711"/>
</kw>
<kw name="Click Element" library="SeleniumLibrary">
<arg>xpath://select[@name='data[Prefix][Unit][unit_type_id]']/option[3]</arg>
<doc>Click the element identified by ``locator``.</doc>
<msg timestamp="20210505 23:30:34.711" level="INFO">Clicking element 'xpath://select[@name='data[Prefix][Unit][unit_type_id]']/option[3]'.</msg>
<status status="PASS" starttime="20210505 23:30:34.711" endtime="20210505 23:30:36.767"/>
</kw>
<kw name="Wait Until Page Contains Element" library="SeleniumLibrary">
<arg>xpath://div[@id='s2id_PrefixUnitUnitManagerManagerPersonId']</arg>
<doc>Waits until the element ``locator`` appears on the current page.</doc>
<status status="PASS" starttime="20210505 23:30:36.767" endtime="20210505 23:30:37.778"/>
</kw>
<kw name="Click Element" library="SeleniumLibrary">
<arg>xpath://div[@id='s2id_PrefixUnitUnitManagerManagerPersonId']</arg>
<doc>Click the element identified by ``locator``.</doc>
<msg timestamp="20210505 23:30:37.778" level="INFO">Clicking element 'xpath://div[@id='s2id_PrefixUnitUnitManagerManagerPersonId']'.</msg>
<status status="PASS" starttime="20210505 23:30:37.778" endtime="20210505 23:30:39.867"/>
</kw>
<kw name="Wait Until Page Contains Element" library="SeleniumLibrary">
<arg>xpath://*[@id="select2-drop"]/ul/li[2]/div</arg>
<doc>Waits until the element ``locator`` appears on the current page.</doc>
<status status="PASS" starttime="20210505 23:30:39.867" endtime="20210505 23:30:40.881"/>
</kw>
<kw name="Click Element" library="SeleniumLibrary">
<arg>xpath://*[@id="select2-drop"]/ul/li[2]/div</arg>
<doc>Click the element identified by ``locator``.</doc>
<msg timestamp="20210505 23:30:40.881" level="INFO">Clicking element 'xpath://*[@id="select2-drop"]/ul/li[2]/div'.</msg>
<status status="PASS" starttime="20210505 23:30:40.881" endtime="20210505 23:30:42.953"/>
</kw>
<for flavor="IN RANGE">
<var>${value}</var>
<value>3</value>
<value>${UnitCount}+3</value>
<iter>
<var name="${value}">3</var>
<kw name="Wait Until Page Contains Element" library="SeleniumLibrary">
<arg>xpath://select[@name='data[MultiUnit][${value}][Unit][unit_type_id]']</arg>
<doc>Waits until the element ``locator`` appears on the current page.</doc>
<status status="PASS" starttime="20210505 23:30:42.953" endtime="20210505 23:30:43.967"/>
</kw>
<kw name="Click Element" library="SeleniumLibrary">
<arg>xpath://select[@name='data[MultiUnit][${value}][Unit][unit_type_id]']</arg>
<doc>Click the element identified by ``locator``.</doc>
<msg timestamp="20210505 23:30:43.967" level="INFO">Clicking element 'xpath://select[@name='data[MultiUnit][3][Unit][unit_type_id]']'.</msg>
<status status="PASS" starttime="20210505 23:30:43.967" endtime="20210505 23:30:46.053"/>
</kw>
<kw name="Wait Until Page Contains Element" library="SeleniumLibrary">
<arg>xpath://select[@name='data[MultiUnit][${value}][Unit][unit_type_id]']//option[@value='17982']</arg>
<doc>Waits until the element ``locator`` appears on the current page.</doc>
<status status="PASS" starttime="20210505 23:30:46.053" endtime="20210505 23:30:47.075"/>
</kw>
<kw name="Click Element" library="SeleniumLibrary">
<arg>xpath://select[@name='data[MultiUnit][${value}][Unit][unit_type_id]']//option[@value='17982']</arg>
<doc>Click the element identified by ``locator``.</doc>
<msg timestamp="20210505 23:30:47.075" level="INFO">Clicking element 'xpath://select[@name='data[MultiUnit][3][Unit][unit_type_id]']//option[@value='17982']'.</msg>
<status status="PASS" starttime="20210505 23:30:47.075" endtime="20210505 23:30:49.133"/>
</kw>
<kw name="Wait Until Page Contains Element" library="SeleniumLibrary">
<arg>xpath://select[@name='data[MultiUnit][${value}][Unit][owner_id]']</arg>
<doc>Waits until the element ``locator`` appears on the current page.</doc>
<status status="PASS" starttime="20210505 23:30:49.133" endtime="20210505 23:30:50.152"/>
</kw>
<kw name="Click Element" library="SeleniumLibrary">
<arg>xpath://select[@name='data[MultiUnit][${value}][Unit][owner_id]']</arg>
<doc>Click the element identified by ``locator``.</doc>
<msg timestamp="20210505 23:30:50.152" level="INFO">Clicking element 'xpath://select[@name='data[MultiUnit][3][Unit][owner_id]']'.</msg>
<status status="PASS" starttime="20210505 23:30:50.152" endtime="20210505 23:30:52.222"/>
</kw>
<kw name="Wait Until Page Contains Element" library="SeleniumLibrary">
<arg>xpath://select[@name='data[MultiUnit][${value}][Unit][owner_id]']//option[@value='107876']</arg>
<doc>Waits until the element ``locator`` appears on the current page.</doc>
<status status="PASS" starttime="20210505 23:30:52.222" endtime="20210505 23:30:53.245"/>
</kw>
<kw name="Click Element" library="SeleniumLibrary">
<arg>xpath://select[@name='data[MultiUnit][${value}][Unit][owner_id]']//option[@value='107876']</arg>
<doc>Click the element identified by ``locator``.</doc>
<msg timestamp="20210505 23:30:53.245" level="INFO">Clicking element 'xpath://select[@name='data[MultiUnit][3][Unit][owner_id]']//option[@value='107876']'.</msg>
<status status="PASS" starttime="20210505 23:30:53.245" endtime="20210505 23:30:55.296"/>
</kw>
<kw name="Wait Until Page Contains Element" library="SeleniumLibrary">
<arg>xpath://select[@name='data[MultiUnit][${value}][UnitManager][manager_person_id]']</arg>
<doc>Waits until the element ``locator`` appears on the current page.</doc>
<status status="PASS" starttime="20210505 23:30:55.296" endtime="20210505 23:30:56.304"/>
</kw>
<kw name="Click Element" library="SeleniumLibrary">
<arg>xpath://select[@name='data[MultiUnit][${value}][UnitManager][manager_person_id]']</arg>
<doc>Click the element identified by ``locator``.</doc>
<msg timestamp="20210505 23:30:56.304" level="INFO">Clicking element 'xpath://select[@name='data[MultiUnit][3][UnitManager][manager_person_id]']'.</msg>
<status status="PASS" starttime="20210505 23:30:56.304" endtime="20210505 23:30:58.376"/>
</kw>
<kw name="Wait Until Page Contains Element" library="SeleniumLibrary">
<arg>xpath://select[@name='data[MultiUnit][${value}][UnitManager][manager_person_id]']//option[@value='630435']</arg>
<doc>Waits until the element ``locator`` appears on the current page.</doc>
<status status="PASS" starttime="20210505 23:30:58.376" endtime="20210505 23:30:59.396"/>
</kw>
<kw name="Click Element" library="SeleniumLibrary">
<arg>xpath://select[@name='data[MultiUnit][${value}][UnitManager][manager_person_id]']//option[@value='630435']</arg>
<doc>Click the element identified by ``locator``.</doc>
<msg timestamp="20210505 23:30:59.396" level="INFO">Clicking element 'xpath://select[@name='data[MultiUnit][3][UnitManager][manager_person_id]']//option[@value='630435']'.</msg>
<status status="PASS" starttime="20210505 23:30:59.396" endtime="20210505 23:31:01.458"/>
</kw>
<status status="PASS" starttime="20210505 23:30:42.953" endtime="20210505 23:31:01.458"/>
</iter>
<iter>
<var name="${value}">4</var>
<kw name="Wait Until Page Contains Element" library="SeleniumLibrary">
<arg>xpath://select[@name='data[MultiUnit][${value}][Unit][unit_type_id]']</arg>
<doc>Waits until the element ``locator`` appears on the current page.</doc>
<status status="PASS" starttime="20210505 23:31:01.458" endtime="20210505 23:31:02.476"/>
</kw>
<kw name="Click Element" library="SeleniumLibrary">
<arg>xpath://select[@name='data[MultiUnit][${value}][Unit][unit_type_id]']</arg>
<doc>Click the element identified by ``locator``.</doc>
<msg timestamp="20210505 23:31:02.476" level="INFO">Clicking element 'xpath://select[@name='data[MultiUnit][4][Unit][unit_type_id]']'.</msg>
<status status="PASS" starttime="20210505 23:31:02.476" endtime="20210505 23:31:04.558"/>
</kw>
<kw name="Wait Until Page Contains Element" library="SeleniumLibrary">
<arg>xpath://select[@name='data[MultiUnit][${value}][Unit][unit_type_id]']//option[@value='17982']</arg>
<doc>Waits until the element ``locator`` appears on the current page.</doc>
<status status="PASS" starttime="20210505 23:31:04.558" endtime="20210505 23:31:05.577"/>
</kw>
<kw name="Click Element" library="SeleniumLibrary">
<arg>xpath://select[@name='data[MultiUnit][${value}][Unit][unit_type_id]']//option[@value='17982']</arg>
<doc>Click the element identified by ``locator``.</doc>
<msg timestamp="20210505 23:31:05.577" level="INFO">Clicking element 'xpath://select[@name='data[MultiUnit][4][Unit][unit_type_id]']//option[@value='17982']'.</msg>
<status status="PASS" starttime="20210505 23:31:05.577" endtime="20210505 23:31:07.630"/>
</kw>
<kw name="Wait Until Page Contains Element" library="SeleniumLibrary">
<arg>xpath://select[@name='data[MultiUnit][${value}][Unit][owner_id]']</arg>
<doc>Waits until the element ``locator`` appears on the current page.</doc>
<status status="PASS" starttime="20210505 23:31:07.630" endtime="20210505 23:31:08.645"/>
</kw>
<kw name="Click Element" library="SeleniumLibrary">
<arg>xpath://select[@name='data[MultiUnit][${value}][Unit][owner_id]']</arg>
<doc>Click the element identified by ``locator``.</doc>
<msg timestamp="20210505 23:31:08.645" level="INFO">Clicking element 'xpath://select[@name='data[MultiUnit][4][Unit][owner_id]']'.</msg>
<status status="PASS" starttime="20210505 23:31:08.645" endtime="20210505 23:31:10.719"/>
</kw>
<kw name="Wait Until Page Contains Element" library="SeleniumLibrary">
<arg>xpath://select[@name='data[MultiUnit][${value}][Unit][owner_id]']//option[@value='107876']</arg>
<doc>Waits until the element ``locator`` appears on the current page.</doc>
<status status="PASS" starttime="20210505 23:31:10.719" endtime="20210505 23:31:11.733"/>
</kw>
<kw name="Click Element" library="SeleniumLibrary">
<arg>xpath://select[@name='data[MultiUnit][${value}][Unit][owner_id]']//option[@value='107876']</arg>
<doc>Click the element identified by ``locator``.</doc>
<msg timestamp="20210505 23:31:11.733" level="INFO">Clicking element 'xpath://select[@name='data[MultiUnit][4][Unit][owner_id]']//option[@value='107876']'.</msg>
<status status="PASS" starttime="20210505 23:31:11.733" endtime="20210505 23:31:13.785"/>
</kw>
<kw name="Wait Until Page Contains Element" library="SeleniumLibrary">
<arg>xpath://select[@name='data[MultiUnit][${value}][UnitManager][manager_person_id]']</arg>
<doc>Waits until the element ``locator`` appears on the current page.</doc>
<status status="PASS" starttime="20210505 23:31:13.785" endtime="20210505 23:31:14.796"/>
</kw>
<kw name="Click Element" library="SeleniumLibrary">
<arg>xpath://select[@name='data[MultiUnit][${value}][UnitManager][manager_person_id]']</arg>
<doc>Click the element identified by ``locator``.</doc>
<msg timestamp="20210505 23:31:14.796" level="INFO">Clicking element 'xpath://select[@name='data[MultiUnit][4][UnitManager][manager_person_id]']'.</msg>
<status status="PASS" starttime="20210505 23:31:14.796" endtime="20210505 23:31:16.853"/>
</kw>
<kw name="Wait Until Page Contains Element" library="SeleniumLibrary">
<arg>xpath://select[@name='data[MultiUnit][${value}][UnitManager][manager_person_id]']//option[@value='630435']</arg>
<doc>Waits until the element ``locator`` appears on the current page.</doc>
<status status="PASS" starttime="20210505 23:31:16.853" endtime="20210505 23:31:17.863"/>
</kw>
<kw name="Click Element" library="SeleniumLibrary">
<arg>xpath://select[@name='data[MultiUnit][${value}][UnitManager][manager_person_id]']//option[@value='630435']</arg>
<doc>Click the element identified by ``locator``.</doc>
<msg timestamp="20210505 23:31:17.863" level="INFO">Clicking element 'xpath://select[@name='data[MultiUnit][4][UnitManager][manager_person_id]']//option[@value='630435']'.</msg>
<status status="PASS" starttime="20210505 23:31:17.863" endtime="20210505 23:31:19.917"/>
</kw>
<status status="PASS" starttime="20210505 23:31:01.458" endtime="20210505 23:31:19.917"/>
</iter>
<iter>
<var name="${value}">5</var>
<kw name="Wait Until Page Contains Element" library="SeleniumLibrary">
<arg>xpath://select[@name='data[MultiUnit][${value}][Unit][unit_type_id]']</arg>
<doc>Waits until the element ``locator`` appears on the current page.</doc>
<status status="PASS" starttime="20210505 23:31:19.917" endtime="20210505 23:31:20.926"/>
</kw>
<kw name="Click Element" library="SeleniumLibrary">
<arg>xpath://select[@name='data[MultiUnit][${value}][Unit][unit_type_id]']</arg>
<doc>Click the element identified by ``locator``.</doc>
<msg timestamp="20210505 23:31:20.926" level="INFO">Clicking element 'xpath://select[@name='data[MultiUnit][5][Unit][unit_type_id]']'.</msg>
<status status="PASS" starttime="20210505 23:31:20.926" endtime="20210505 23:31:23.019"/>
</kw>
<kw name="Wait Until Page Contains Element" library="SeleniumLibrary">
<arg>xpath://select[@name='data[MultiUnit][${value}][Unit][unit_type_id]']//option[@value='17982']</arg>
<doc>Waits until the element ``locator`` appears on the current page.</doc>
<status status="PASS" starttime="20210505 23:31:23.019" endtime="20210505 23:31:24.040"/>
</kw>
<kw name="Click Element" library="SeleniumLibrary">
<arg>xpath://select[@name='data[MultiUnit][${value}][Unit][unit_type_id]']//option[@value='17982']</arg>
<doc>Click the element identified by ``locator``.</doc>
<msg timestamp="20210505 23:31:24.040" level="INFO">Clicking element 'xpath://select[@name='data[MultiUnit][5][Unit][unit_type_id]']//option[@value='17982']'.</msg>
<status status="PASS" starttime="20210505 23:31:24.040" endtime="20210505 23:31:26.090"/>
</kw>
<kw name="Wait Until Page Contains Element" library="SeleniumLibrary">
<arg>xpath://select[@name='data[MultiUnit][${value}][Unit][owner_id]']</arg>
<doc>Waits until the element ``locator`` appears on the current page.</doc>
<status status="PASS" starttime="20210505 23:31:26.090" endtime="20210505 23:31:27.108"/>
</kw>
<kw name="Click Element" library="SeleniumLibrary">
<arg>xpath://select[@name='data[MultiUnit][${value}][Unit][owner_id]']</arg>
<doc>Click the element identified by ``locator``.</doc>
<msg timestamp="20210505 23:31:27.108" level="INFO">Clicking element 'xpath://select[@name='data[MultiUnit][5][Unit][owner_id]']'.</msg>
<status status="PASS" starttime="20210505 23:31:27.108" endtime="20210505 23:31:29.178"/>
</kw>
<kw name="Wait Until Page Contains Element" library="SeleniumLibrary">
<arg>xpath://select[@name='data[MultiUnit][${value}][Unit][owner_id]']//option[@value='107876']</arg>
<doc>Waits until the element ``locator`` appears on the current page.</doc>
<status status="PASS" starttime="20210505 23:31:29.178" endtime="20210505 23:31:30.201"/>
</kw>
<kw name="Click Element" library="SeleniumLibrary">
<arg>xpath://select[@name='data[MultiUnit][${value}][Unit][owner_id]']//option[@value='107876']</arg>
<doc>Click the element identified by ``locator``.</doc>
<msg timestamp="20210505 23:31:30.201" level="INFO">Clicking element 'xpath://select[@name='data[MultiUnit][5][Unit][owner_id]']//option[@value='107876']'.</msg>
<status status="PASS" starttime="20210505 23:31:30.201" endtime="20210505 23:31:32.257"/>
</kw>
<kw name="Wait Until Page Contains Element" library="SeleniumLibrary">
<arg>xpath://select[@name='data[MultiUnit][${value}][UnitManager][manager_person_id]']</arg>
<doc>Waits until the element ``locator`` appears on the current page.</doc>
<status status="PASS" starttime="20210505 23:31:32.257" endtime="20210505 23:31:33.273"/>
</kw>
<kw name="Click Element" library="SeleniumLibrary">
<arg>xpath://select[@name='data[MultiUnit][${value}][UnitManager][manager_person_id]']</arg>
<doc>Click the element identified by ``locator``.</doc>
<msg timestamp="20210505 23:31:33.274" level="INFO">Clicking element 'xpath://select[@name='data[MultiUnit][5][UnitManager][manager_person_id]']'.</msg>
<status status="PASS" starttime="20210505 23:31:33.273" endtime="20210505 23:31:35.336"/>
</kw>
<kw name="Wait Until Page Contains Element" library="SeleniumLibrary">
<arg>xpath://select[@name='data[MultiUnit][${value}][UnitManager][manager_person_id]']//option[@value='630435']</arg>
<doc>Waits until the element ``locator`` appears on the current page.</doc>
<status status="PASS" starttime="20210505 23:31:35.336" endtime="20210505 23:31:36.345"/>
</kw>
<kw name="Click Element" library="SeleniumLibrary">
<arg>xpath://select[@name='data[MultiUnit][${value}][UnitManager][manager_person_id]']//option[@value='630435']</arg>
<doc>Click the element identified by ``locator``.</doc>
<msg timestamp="20210505 23:31:36.345" level="INFO">Clicking element 'xpath://select[@name='data[MultiUnit][5][UnitManager][manager_person_id]']//option[@value='630435']'.</msg>
<status status="PASS" starttime="20210505 23:31:36.345" endtime="20210505 23:31:38.397"/>
</kw>
<status status="PASS" starttime="20210505 23:31:19.917" endtime="20210505 23:31:38.397"/>
</iter>
<iter>
<var name="${value}">6</var>
<kw name="Wait Until Page Contains Element" library="SeleniumLibrary">
<arg>xpath://select[@name='data[MultiUnit][${value}][Unit][unit_type_id]']</arg>
<doc>Waits until the element ``locator`` appears on the current page.</doc>
<status status="PASS" starttime="20210505 23:31:38.397" endtime="20210505 23:31:39.409"/>
</kw>
<kw name="Click Element" library="SeleniumLibrary">
<arg>xpath://select[@name='data[MultiUnit][${value}][Unit][unit_type_id]']</arg>
<doc>Click the element identified by ``locator``.</doc>
<msg timestamp="20210505 23:31:39.409" level="INFO">Clicking element 'xpath://select[@name='data[MultiUnit][6][Unit][unit_type_id]']'.</msg>
<status status="PASS" starttime="20210505 23:31:39.409" endtime="20210505 23:31:41.476"/>
</kw>
<kw name="Wait Until Page Contains Element" library="SeleniumLibrary">
<arg>xpath://select[@name='data[MultiUnit][${value}][Unit][unit_type_id]']//option[@value='17982']</arg>
<doc>Waits until the element ``locator`` appears on the current page.</doc>
<status status="PASS" starttime="20210505 23:31:41.476" endtime="20210505 23:31:42.486"/>
</kw>
<kw name="Click Element" library="SeleniumLibrary">
<arg>xpath://select[@name='data[MultiUnit][${value}][Unit][unit_type_id]']//option[@value='17982']</arg>
<doc>Click the element identified by ``locator``.</doc>
<msg timestamp="20210505 23:31:42.486" level="INFO">Clicking element 'xpath://select[@name='data[MultiUnit][6][Unit][unit_type_id]']//option[@value='17982']'.</msg>
<status status="PASS" starttime="20210505 23:31:42.486" endtime="20210505 23:31:44.541"/>
</kw>
<kw name="Wait Until Page Contains Element" library="SeleniumLibrary">
<arg>xpath://select[@name='data[MultiUnit][${value}][Unit][owner_id]']</arg>
<doc>Waits until the element ``locator`` appears on the current page.</doc>
<status status="PASS" starttime="20210505 23:31:44.541" endtime="20210505 23:31:45.559"/>
</kw>
<kw name="Click Element" library="SeleniumLibrary">
<arg>xpath://select[@name='data[MultiUnit][${value}][Unit][owner_id]']</arg>
<doc>Click the element identified by ``locator``.</doc>
<msg timestamp="20210505 23:31:45.560" level="INFO">Clicking element 'xpath://select[@name='data[MultiUnit][6][Unit][owner_id]']'.</msg>
<status status="PASS" starttime="20210505 23:31:45.559" endtime="20210505 23:31:47.621"/>
</kw>
<kw name="Wait Until Page Contains Element" library="SeleniumLibrary">
<arg>xpath://select[@name='data[MultiUnit][${value}][Unit][owner_id]']//option[@value='107876']</arg>
<doc>Waits until the element ``locator`` appears on the current page.</doc>
<status status="PASS" starttime="20210505 23:31:47.621" endtime="20210505 23:31:48.641"/>
</kw>
<kw name="Click Element" library="SeleniumLibrary">
<arg>xpath://select[@name='data[MultiUnit][${value}][Unit][owner_id]']//option[@value='107876']</arg>
<doc>Click the element identified by ``locator``.</doc>
<msg timestamp="20210505 23:31:48.641" level="INFO">Clicking element 'xpath://select[@name='data[MultiUnit][6][Unit][owner_id]']//option[@value='107876']'.</msg>
<status status="PASS" starttime="20210505 23:31:48.641" endtime="20210505 23:31:50.695"/>
</kw>
<kw name="Wait Until Page Contains Element" library="SeleniumLibrary">
<arg>xpath://select[@name='data[MultiUnit][${value}][UnitManager][manager_person_id]']</arg>
<doc>Waits until the element ``locator`` appears on the current page.</doc>
<status status="PASS" starttime="20210505 23:31:50.695" endtime="20210505 23:31:51.708"/>
</kw>
<kw name="Click Element" library="SeleniumLibrary">
<arg>xpath://select[@name='data[MultiUnit][${value}][UnitManager][manager_person_id]']</arg>
<doc>Click the element identified by ``locator``.</doc>
<msg timestamp="20210505 23:31:51.708" level="INFO">Clicking element 'xpath://select[@name='data[MultiUnit][6][UnitManager][manager_person_id]']'.</msg>
<status status="PASS" starttime="20210505 23:31:51.708" endtime="20210505 23:31:53.783"/>
</kw>
<kw name="Wait Until Page Contains Element" library="SeleniumLibrary">
<arg>xpath://select[@name='data[MultiUnit][${value}][UnitManager][manager_person_id]']//option[@value='630435']</arg>
<doc>Waits until the element ``locator`` appears on the current page.</doc>
<status status="PASS" starttime="20210505 23:31:53.783" endtime="20210505 23:31:54.797"/>
</kw>
<kw name="Click Element" library="SeleniumLibrary">
<arg>xpath://select[@name='data[MultiUnit][${value}][UnitManager][manager_person_id]']//option[@value='630435']</arg>
<doc>Click the element identified by ``locator``.</doc>
<msg timestamp="20210505 23:31:54.797" level="INFO">Clicking element 'xpath://select[@name='data[MultiUnit][6][UnitManager][manager_person_id]']//option[@value='630435']'.</msg>
<status status="PASS" starttime="20210505 23:31:54.797" endtime="20210505 23:31:56.863"/>
</kw>
<status status="PASS" starttime="20210505 23:31:38.397" endtime="20210505 23:31:56.863"/>
</iter>
<status status="PASS" starttime="20210505 23:30:42.953" endtime="20210505 23:31:56.863"/>
</for>
<kw name="Wait Until Page Contains Element" library="SeleniumLibrary">
<arg>xpath://input[@type='submit' and @value='Add Property']</arg>
<doc>Waits until the element ``locator`` appears on the current page.</doc>
<status status="PASS" starttime="20210505 23:31:56.863" endtime="20210505 23:31:57.877"/>
</kw>
<kw name="Click Element" library="SeleniumLibrary">
<arg>xpath://input[@type='submit' and @value='Add Property']</arg>
<doc>Click the element identified by ``locator``.</doc>
<msg timestamp="20210505 23:31:57.877" level="INFO">Clicking element 'xpath://input[@type='submit' and @value='Add Property']'.</msg>
<status status="PASS" starttime="20210505 23:31:57.877" endtime="20210505 23:31:59.981"/>
</kw>
<kw name="Wait Until Page Contains Element" library="SeleniumLibrary">
<arg>xpath://a[text()='View this Property']</arg>
<doc>Waits until the element ``locator`` appears on the current page.</doc>
<status status="PASS" starttime="20210505 23:31:59.981" endtime="20210505 23:32:03.442"/>
</kw>
<kw name="Click Element" library="SeleniumLibrary">
<arg>xpath://a[text()='View this Property']</arg>
<doc>Click the element identified by ``locator``.</doc>
<msg timestamp="20210505 23:32:03.442" level="INFO">Clicking element 'xpath://a[text()='View this Property']'.</msg>
<status status="PASS" starttime="20210505 23:32:03.442" endtime="20210505 23:32:05.496"/>
</kw>
<kw name="Return From Keyword" library="BuiltIn">
<arg>${ProfileAddressName}</arg>
<doc>Returns from the enclosing user keyword.</doc>
<msg timestamp="20210505 23:32:05.496" level="INFO">Returning from the enclosing user keyword.</msg>
<status status="PASS" starttime="20210505 23:32:05.496" endtime="20210505 23:32:05.496"/>
</kw>
<msg timestamp="20210505 23:32:05.497" level="INFO">${PropertyName} = VGIKtClz</msg>
<status status="PASS" starttime="20210505 23:29:26.522" endtime="20210505 23:32:05.497"/>
</kw>
<kw name="Log To Console" library="BuiltIn">
<arg>Created Property Name : ${PropertyName}</arg>
<doc>Logs the given message to the console.</doc>
<status status="PASS" starttime="20210505 23:32:05.497" endtime="20210505 23:32:05.498"/>
</kw>
<kw name="Set Global Variable" library="BuiltIn">
<arg>${PropertyName}</arg>
<doc>Makes a variable available globally in all tests and suites.</doc>
<msg timestamp="20210505 23:32:05.498" level="INFO">${PropertyName} = VGIKtClz</msg>
<status status="PASS" starttime="20210505 23:32:05.498" endtime="20210505 23:32:05.498"/>
</kw>
<kw name="Validate Created Property" library="Add_a_property_with_a_multiple_rentable_units">
<arg>${PropertyName}</arg>
<kw name="Set Selenium Speed" library="SeleniumLibrary">
<arg>1</arg>
<doc>Sets the delay that is waited after each Selenium command.</doc>
<status status="PASS" starttime="20210505 23:32:05.499" endtime="20210505 23:32:05.499"/>
</kw>
<kw name="Get Element Count" library="SeleniumLibrary">
<var>${count}</var>
<arg>//ul[@class='children' and contains(@style,'hidden')]//a[@href='/robottester/properties/index']</arg>
<doc>Returns the number of elements matching ``locator``.</doc>
<msg timestamp="20210505 23:32:06.512" level="INFO">${count} = 0</msg>
<status status="PASS" starttime="20210505 23:32:05.499" endtime="20210505 23:32:06.512"/>
</kw>
<kw name="Run Keyword If" library="BuiltIn">
<arg>"${count}" == "1"</arg>
<arg>Click DropDown and Submenu</arg>
<arg>//a[@title='Properties' and @href='/robottester/properties/index']</arg>
<arg>//ul[@class='children']//a[@href='/robottester/properties/index']//span[text()='Properties']</arg>
<doc>Runs the given keyword with the given arguments, if ``condition`` is true.</doc>
<status status="PASS" starttime="20210505 23:32:06.512" endtime="20210505 23:32:06.513"/>
</kw>
<kw name="Run Keyword If" library="BuiltIn">
<arg>"${count}" == "0"</arg>
<arg>Click SubMenu</arg>
<arg>//ul[@class='children']//a[@href='/robottester/properties/index']//span[text()='Properties']</arg>
<doc>Runs the given keyword with the given arguments, if ``condition`` is true.</doc>
<kw name="Click SubMenu" library="Common">
<arg>//ul[@class='children']//a[@href='/robottester/properties/index']//span[text()='Properties']</arg>
<kw name="Wait Until Page Contains Element" library="SeleniumLibrary">
<arg>xpath:${XpathMenu}</arg>
<doc>Waits until the element ``locator`` appears on the current page.</doc>
<status status="PASS" starttime="20210505 23:32:06.513" endtime="20210505 23:32:07.524"/>
</kw>
<kw name="Click Element" library="SeleniumLibrary">
<arg>xpath:${XpathMenu}</arg>
<doc>Click the element identified by ``locator``.</doc>
<msg timestamp="20210505 23:32:07.524" level="INFO">Clicking element 'xpath://ul[@class='children']//a[@href='/robottester/properties/index']//span[text()='Properties']'.</msg>
<status status="PASS" starttime="20210505 23:32:07.524" endtime="20210505 23:32:09.584"/>
</kw>
<status status="PASS" starttime="20210505 23:32:06.513" endtime="20210505 23:32:09.584"/>
</kw>
<status status="PASS" starttime="20210505 23:32:06.513" endtime="20210505 23:32:09.584"/>
</kw>
<kw name="Wait Until Page Contains Element" library="SeleniumLibrary">
<arg>id:_q</arg>
<doc>Waits until the element ``locator`` appears on the current page.</doc>
<status status="PASS" starttime="20210505 23:32:09.584" endtime="20210505 23:32:10.603"/>
</kw>
<kw name="Input Text" library="SeleniumLibrary">
<arg>id:_q</arg>
<arg>${_propertyName}\n</arg>
<doc>Types the given ``text`` into the text field identified by ``locator``.</doc>
<msg timestamp="20210505 23:32:10.603" level="INFO">Typing text 'VGIKtClz
' into text field 'id:_q'.</msg>
<status status="PASS" starttime="20210505 23:32:10.603" endtime="20210505 23:32:13.717"/>
</kw>
<kw name="Wait Until Page Contains Element" library="SeleniumLibrary">
<arg>xpath://div[4]/table/tbody/tr/td[2]/span/a</arg>
<doc>Waits until the element ``locator`` appears on the current page.</doc>
<status status="PASS" starttime="20210505 23:32:13.717" endtime="20210505 23:32:14.730"/>
</kw>
<kw name="Get Text" library="SeleniumLibrary">
<var>${actual}</var>
<arg>xpath://div[4]/table/tbody/tr/td[2]/span/a</arg>
<doc>Returns the text value of the element identified by ``locator``.</doc>
<msg timestamp="20210505 23:32:16.769" level="INFO">${actual} = VGIKtClz</msg>
<status status="PASS" starttime="20210505 23:32:14.730" endtime="20210505 23:32:16.769"/>
</kw>
<kw name="Log To Console" library="BuiltIn">
<arg>expected:${_propertyName}__actual:${actual}</arg>
<doc>Logs the given message to the console.</doc>
<status status="PASS" starttime="20210505 23:32:16.769" endtime="20210505 23:32:16.769"/>
</kw>
<kw name="Should Contain" library="BuiltIn">
<arg>${_propertyName}</arg>
<arg>${actual}</arg>
<doc>Fails if ``container`` does not contain ``item`` one or more times.</doc>
<status status="PASS" starttime="20210505 23:32:16.769" endtime="20210505 23:32:16.770"/>
</kw>
<status status="PASS" starttime="20210505 23:32:05.498" endtime="20210505 23:32:16.770"/>
</kw>
<kw name="Close Browser" library="SeleniumLibrary" type="TEARDOWN">
<doc>Closes the current browser.</doc>
<status status="PASS" starttime="20210505 23:32:16.770" endtime="20210505 23:32:19.816"/>
</kw>
<status status="PASS" starttime="20210505 23:29:02.359" endtime="20210505 23:32:19.816"/>
</test>
<test id="s1-t3" name="Scenario3">
<kw name="Open Browser" library="SeleniumLibrary" type="SETUP">
<arg>https://staging.arthuronline.co.uk/login?X-MODE=QA-eW91LXdpbi1ub3RoaW5nCg</arg>
<arg>chrome</arg>
<doc>Opens a new browser instance to the optional ``url``.</doc>
<msg timestamp="20210505 23:32:19.819" level="INFO">Opening browser 'chrome' to base url 'https://staging.arthuronline.co.uk/login?X-MODE=QA-eW91LXdpbi1ub3RoaW5nCg'.</msg>
<status status="PASS" starttime="20210505 23:32:19.819" endtime="20210505 23:32:24.326"/>
</kw>
<kw name="Log To Console" library="BuiltIn">
<arg>Created Task related to Property Name : ${PropertyName}</arg>
<doc>Logs the given message to the console.</doc>
<status status="PASS" starttime="20210505 23:32:24.327" endtime="20210505 23:32:24.327"/>
</kw>
<kw name="Login to system" library="Login_to_system">
<kw name="Set Selenium Timeout" library="SeleniumLibrary">
<arg>10 seconds</arg>
<doc>Sets the timeout that is used by various keywords.</doc>
<status status="PASS" starttime="20210505 23:32:24.328" endtime="20210505 23:32:25.344"/>
</kw>
<kw name="Set Selenium Speed" library="SeleniumLibrary">
<arg>1</arg>
<doc>Sets the delay that is waited after each Selenium command.</doc>
<status status="PASS" starttime="20210505 23:32:25.344" endtime="20210505 23:32:25.344"/>
</kw>
<kw name="Maximize Browser Window" library="SeleniumLibrary">
<doc>Maximizes current browser window.</doc>
<status status="PASS" starttime="20210505 23:32:25.344" endtime="20210505 23:32:26.472"/>
</kw>
<kw name="Input Text" library="SeleniumLibrary">
<arg>name:data[User][email]</arg>
<arg>robot+tester_1@firecreekweb.com</arg>
<doc>Types the given ``text`` into the text field identified by ``locator``.</doc>
<msg timestamp="20210505 23:32:26.473" level="INFO">Typing text 'robot+tester_1@firecreekweb.com' into text field 'name:data[User][email]'.</msg>
<status status="PASS" starttime="20210505 23:32:26.472" endtime="20210505 23:32:29.564"/>
</kw>
<kw name="Input Text" library="SeleniumLibrary">
<arg>name:data[User][password]</arg>
<arg>Qwerty66#</arg>
<doc>Types the given ``text`` into the text field identified by ``locator``.</doc>
<msg timestamp="20210505 23:32:29.564" level="INFO">Typing text 'Qwerty66#' into text field 'name:data[User][password]'.</msg>
<status status="PASS" starttime="20210505 23:32:29.564" endtime="20210505 23:32:32.643"/>
</kw>
<kw name="Wait Until Page Contains Element" library="SeleniumLibrary">
<arg>xpath://input[@value='Log in']</arg>
<doc>Waits until the element ``locator`` appears on the current page.</doc>
<status status="PASS" starttime="20210505 23:32:32.643" endtime="20210505 23:32:33.662"/>
</kw>
<kw name="Click Button" library="SeleniumLibrary">
<arg>xpath://input[@value='Log in']</arg>
<doc>Clicks the button identified by ``locator``.</doc>
<msg timestamp="20210505 23:32:33.662" level="INFO">Clicking button 'xpath://input[@value='Log in']'.</msg>
<status status="PASS" starttime="20210505 23:32:33.662" endtime="20210505 23:32:43.115"/>
</kw>
<status status="PASS" starttime="20210505 23:32:24.327" endtime="20210505 23:32:43.115"/>
</kw>
<kw name="Add Task related Property" library="Add_a_task_related_to_above_property">
<var>${TaskName}</var>
<arg>${PropertyName}</arg>
<arg>Test_description</arg>
<arg>20/10/2099</arg>
<arg>11:15</arg>
<kw name="Set Selenium Speed" library="SeleniumLibrary">
<arg>1</arg>
<doc>Sets the delay that is waited after each Selenium command.</doc>
<status status="PASS" starttime="20210505 23:32:43.116" endtime="20210505 23:32:43.116"/>
</kw>
<kw name="Set Selenium Timeout" library="SeleniumLibrary">
<arg>20 seconds</arg>
<doc>Sets the timeout that is used by various keywords.</doc>
<status status="PASS" starttime="20210505 23:32:43.116" endtime="20210505 23:32:44.131"/>
</kw>
<kw name="Wait Until Page Contains Element" library="SeleniumLibrary">
<arg>xpath://a[@title='Tasks' and @href='/robottester/tasks/index']</arg>
<doc>Waits until the element ``locator`` appears on the current page.</doc>
<status status="PASS" starttime="20210505 23:32:44.131" endtime="20210505 23:32:45.145"/>
</kw>
<kw name="Click Element" library="SeleniumLibrary">
<arg>xpath://a[@title='Tasks' and @href='/robottester/tasks/index']</arg>
<doc>Click the element identified by ``locator``.</doc>
<msg timestamp="20210505 23:32:45.145" level="INFO">Clicking element 'xpath://a[@title='Tasks' and @href='/robottester/tasks/index']'.</msg>
<status status="PASS" starttime="20210505 23:32:45.145" endtime="20210505 23:32:47.220"/>
</kw>
<kw name="Wait Until Page Contains Element" library="SeleniumLibrary">
<arg>xpath://ul[@class='children']//a[@href='/robottester/tasks/index']//span[text()='Tasks']</arg>
<doc>Waits until the element ``locator`` appears on the current page.</doc>
<status status="PASS" starttime="20210505 23:32:47.220" endtime="20210505 23:32:48.240"/>
</kw>
<kw name="Click Element" library="SeleniumLibrary">
<arg>xpath://ul[@class='children']//a[@href='/robottester/tasks/index']//span[text()='Tasks']</arg>
<doc>Click the element identified by ``locator``.</doc>
<msg timestamp="20210505 23:32:48.240" level="INFO">Clicking element 'xpath://ul[@class='children']//a[@href='/robottester/tasks/index']//span[text()='Tasks']'.</msg>
<status status="PASS" starttime="20210505 23:32:48.240" endtime="20210505 23:32:50.305"/>
</kw>
<kw name="Wait Until Page Contains Element" library="SeleniumLibrary">
<arg>xpath://a[contains(text(),'Add Task')]//i[@class='fa fa-plus']</arg>
<doc>Waits until the element ``locator`` appears on the current page.</doc>
<status status="PASS" starttime="20210505 23:32:50.305" endtime="20210505 23:32:51.329"/>
</kw>
<kw name="Click Element" library="SeleniumLibrary">
<arg>xpath://a[contains(text(),'Add Task')]//i[@class='fa fa-plus']</arg>
<doc>Click the element identified by ``locator``.</doc>
<msg timestamp="20210505 23:32:51.329" level="INFO">Clicking element 'xpath://a[contains(text(),'Add Task')]//i[@class='fa fa-plus']'.</msg>
<status status="PASS" starttime="20210505 23:32:51.329" endtime="20210505 23:32:53.405"/>
</kw>
<kw name="Wait Until Page Contains Element" library="SeleniumLibrary">
<arg>xpath://a[@class='select2-choice select2-default']</arg>
<doc>Waits until the element ``locator`` appears on the current page.</doc>
<status status="PASS" starttime="20210505 23:32:53.405" endtime="20210505 23:32:54.417"/>
</kw>
<kw name="Click Element" library="SeleniumLibrary">
<arg>xpath://a[@class='select2-choice select2-default']</arg>
<doc>Click the element identified by ``locator``.</doc>
<msg timestamp="20210505 23:32:54.417" level="INFO">Clicking element 'xpath://a[@class='select2-choice select2-default']'.</msg>
<status status="PASS" starttime="20210505 23:32:54.417" endtime="20210505 23:32:56.486"/>
</kw>
<kw name="Wait Until Page Contains Element" library="SeleniumLibrary">
<arg>xpath://*[@id="select2-drop"]/div/input</arg>
<doc>Waits until the element ``locator`` appears on the current page.</doc>
<status status="PASS" starttime="20210505 23:32:56.486" endtime="20210505 23:32:57.496"/>
</kw>
<kw name="Input Text" library="SeleniumLibrary">
<arg>xpath://*[@id="select2-drop"]/div/input</arg>
<arg>${propertyReference}</arg>
<doc>Types the given ``text`` into the text field identified by ``locator``.</doc>
<msg timestamp="20210505 23:32:57.496" level="INFO">Typing text 'VGIKtClz' into text field 'xpath://*[@id="select2-drop"]/div/input'.</msg>
<status status="PASS" starttime="20210505 23:32:57.496" endtime="20210505 23:33:00.594"/>
</kw>
<kw name="Wait Until Page Contains Element" library="SeleniumLibrary">
<arg>xpath://div[@class='select2-result-label' and contains(text(),'${propertyReference}')]</arg>
<doc>Waits until the element ``locator`` appears on the current page.</doc>
<status status="PASS" starttime="20210505 23:33:00.594" endtime="20210505 23:33:01.618"/>
</kw>
<kw name="Input Text" library="SeleniumLibrary">
<arg>xpath://*[@id="select2-drop"]/div/input</arg>
<arg>\n</arg>
<doc>Types the given ``text`` into the text field identified by ``locator``.</doc>
<msg timestamp="20210505 23:33:01.618" level="INFO">Typing text '
' into text field 'xpath://*[@id="select2-drop"]/div/input'.</msg>
<status status="PASS" starttime="20210505 23:33:01.618" endtime="20210505 23:33:04.694"/>
</kw>
<kw name="Wait Until Page Contains Element" library="SeleniumLibrary">
<arg>name:data[Task][description]</arg>
<doc>Waits until the element ``locator`` appears on the current page.</doc>
<status status="PASS" starttime="20210505 23:33:04.694" endtime="20210505 23:33:05.715"/>
</kw>
<kw name="Input Text" library="SeleniumLibrary">
<arg>name:data[Task][description]</arg>
<arg>${taskDescription}</arg>
<doc>Types the given ``text`` into the text field identified by ``locator``.</doc>
<msg timestamp="20210505 23:33:05.715" level="INFO">Typing text 'Test_description' into text field 'name:data[Task][description]'.</msg>
<status status="PASS" starttime="20210505 23:33:05.715" endtime="20210505 23:33:08.812"/>
</kw>
<kw name="Wait Until Page Contains Element" library="SeleniumLibrary">
<arg>name:data[Task][date_due]</arg>
<doc>Waits until the element ``locator`` appears on the current page.</doc>
<status status="PASS" starttime="20210505 23:33:08.812" endtime="20210505 23:33:09.828"/>
</kw>
<kw name="Input Text" library="SeleniumLibrary">
<arg>name:data[Task][date_due]</arg>
<arg>${dateDue}</arg>
<doc>Types the given ``text`` into the text field identified by ``locator``.</doc>
<msg timestamp="20210505 23:33:09.828" level="INFO">Typing text '20/10/2099' into text field 'name:data[Task][date_due]'.</msg>
<status status="PASS" starttime="20210505 23:33:09.828" endtime="20210505 23:33:12.923"/>
</kw>
<kw name="Wait Until Page Contains Element" library="SeleniumLibrary">
<arg>name:data[Task][time_due]</arg>
<doc>Waits until the element ``locator`` appears on the current page.</doc>
<status status="PASS" starttime="20210505 23:33:12.923" endtime="20210505 23:33:13.941"/>
</kw>
<kw name="Input Text" library="SeleniumLibrary">
<arg>name:data[Task][time_due]</arg>
<arg>${timeDue}</arg>
<doc>Types the given ``text`` into the text field identified by ``locator``.</doc>
<msg timestamp="20210505 23:33:13.941" level="INFO">Typing text '11:15' into text field 'name:data[Task][time_due]'.</msg>
<status status="PASS" starttime="20210505 23:33:13.941" endtime="20210505 23:33:17.051"/>
</kw>
<kw name="Wait Until Page Contains Element" library="SeleniumLibrary">
<arg>xpath://input[@class='select2-input select2-default']</arg>
<doc>Waits until the element ``locator`` appears on the current page.</doc>
<status status="PASS" starttime="20210505 23:33:17.051" endtime="20210505 23:33:18.061"/>
</kw>
<kw name="Input Text" library="SeleniumLibrary">
<arg>xpath://input[@class='select2-input select2-default']</arg>
<arg>robot\n</arg>
<doc>Types the given ``text`` into the text field identified by ``locator``.</doc>
<msg timestamp="20210505 23:33:18.061" level="INFO">Typing text 'robot
' into text field 'xpath://input[@class='select2-input select2-default']'.</msg>
<status status="PASS" starttime="20210505 23:33:18.061" endtime="20210505 23:33:21.177"/>
</kw>
<kw name="Wait Until Page Contains Element" library="SeleniumLibrary">
<arg>name:data[Task][task_type_id]</arg>
<doc>Waits until the element ``locator`` appears on the current page.</doc>
<status status="PASS" starttime="20210505 23:33:21.177" endtime="20210505 23:33:22.194"/>
</kw>
<kw name="Click Element" library="SeleniumLibrary">
<arg>name:data[Task][task_type_id]</arg>
<doc>Click the element identified by ``locator``.</doc>
<msg timestamp="20210505 23:33:22.194" level="INFO">Clicking element 'name:data[Task][task_type_id]'.</msg>
<status status="PASS" starttime="20210505 23:33:22.194" endtime="20210505 23:33:24.257"/>
</kw>
<kw name="Wait Until Page Contains Element" library="SeleniumLibrary">
<arg>xpath://select[@name="data[Task][task_type_id]"]//option[@value='739684']</arg>
<doc>Waits until the element ``locator`` appears on the current page.</doc>
<status status="PASS" starttime="20210505 23:33:24.257" endtime="20210505 23:33:25.274"/>
</kw>
<kw name="Click Element" library="SeleniumLibrary">
<arg>xpath://select[@name="data[Task][task_type_id]"]//option[@value='739684']</arg>
<doc>Click the element identified by ``locator``.</doc>
<msg timestamp="20210505 23:33:25.274" level="INFO">Clicking element 'xpath://select[@name="data[Task][task_type_id]"]//option[@value='739684']'.</msg>
<status status="PASS" starttime="20210505 23:33:25.274" endtime="20210505 23:33:27.317"/>
</kw>
<kw name="Wait Until Page Contains Element" library="SeleniumLibrary">
<arg>xpath://*[@id="TaskGlobalAddForm"]/div[4]/div[2]/div/input</arg>
<doc>Waits until the element ``locator`` appears on the current page.</doc>
<status status="PASS" starttime="20210505 23:33:27.317" endtime="20210505 23:33:28.338"/>
</kw>
<kw name="Click Element" library="SeleniumLibrary">
<arg>xpath://*[@id="TaskGlobalAddForm"]/div[4]/div[2]/div/input</arg>
<doc>Click the element identified by ``locator``.</doc>
<msg timestamp="20210505 23:33:28.338" level="INFO">Clicking element 'xpath://*[@id="TaskGlobalAddForm"]/div[4]/div[2]/div/input'.</msg>
<status status="PASS" starttime="20210505 23:33:28.338" endtime="20210505 23:33:30.414"/>
</kw>
<kw name="Wait Until Page Contains Element" library="SeleniumLibrary">
<arg>xpath://div[@class='identifier-detail']//div[@class='title']</arg>
<doc>Waits until the element ``locator`` appears on the current page.</doc>
<status status="PASS" starttime="20210505 23:33:30.414" endtime="20210505 23:33:32.651"/>
</kw>
<kw name="Get Text" library="SeleniumLibrary">
<var>${task}</var>
<arg>xpath://div[@class='identifier-detail']//div[@class='title']</arg>
<doc>Returns the text value of the element identified by ``locator``.</doc>
<msg timestamp="20210505 23:33:34.688" level="INFO">${task} = TASK / TA1021</msg>
<status status="PASS" starttime="20210505 23:33:32.651" endtime="20210505 23:33:34.688"/>
</kw>
<kw name="Return From Keyword" library="BuiltIn">
<arg>${task}</arg>
<doc>Returns from the enclosing user keyword.</doc>
<msg timestamp="20210505 23:33:34.688" level="INFO">Returning from the enclosing user keyword.</msg>
<status status="PASS" starttime="20210505 23:33:34.688" endtime="20210505 23:33:34.688"/>
</kw>
<msg timestamp="20210505 23:33:34.688" level="INFO">${TaskName} = TASK / TA1021</msg>
<status status="PASS" starttime="20210505 23:32:43.115" endtime="20210505 23:33:34.688"/>
</kw>
<kw name="Set Global Variable" library="BuiltIn">
<arg>${TaskName}</arg>
<doc>Makes a variable available globally in all tests and suites.</doc>
<msg timestamp="20210505 23:33:34.689" level="INFO">${TaskName} = TASK / TA1021</msg>
<status status="PASS" starttime="20210505 23:33:34.689" endtime="20210505 23:33:34.689"/>
</kw>
<kw name="Validate New Task" library="Add_a_task_related_to_above_property">
<arg>${TaskName}</arg>
<kw name="Set Selenium Speed" library="SeleniumLibrary">
<arg>1</arg>
<doc>Sets the delay that is waited after each Selenium command.</doc>
<status status="PASS" starttime="20210505 23:33:34.690" endtime="20210505 23:33:34.690"/>
</kw>
<kw name="Get Element Count" library="SeleniumLibrary">
<var>${count}</var>
<arg>//ul[@class='children' and contains(@style,'hidden')]//a[@href='/robottester/tasks/index']</arg>
<doc>Returns the number of elements matching ``locator``.</doc>
<msg timestamp="20210505 23:33:35.708" level="INFO">${count} = 0</msg>
<status status="PASS" starttime="20210505 23:33:34.690" endtime="20210505 23:33:35.708"/>
</kw>
<kw name="Run Keyword If" library="BuiltIn">
<arg>"${count}" == "1"</arg>
<arg>Click DropDown and Submenu</arg>
<arg>//a[@title='Tasks' and @href='/robottester/tasks/index']</arg>
<arg>//ul[@class='children']//a[@href='/robottester/tasks/index']//span[text()='Tasks']</arg>
<doc>Runs the given keyword with the given arguments, if ``condition`` is true.</doc>
<status status="PASS" starttime="20210505 23:33:35.708" endtime="20210505 23:33:35.708"/>
</kw>
<kw name="Run Keyword If" library="BuiltIn">
<arg>"${count}" == "0"</arg>
<arg>Click SubMenu</arg>
<arg>//ul[@class='children']//a[@href='/robottester/tasks/index']//span[text()='Tasks']</arg>
<doc>Runs the given keyword with the given arguments, if ``condition`` is true.</doc>
<kw name="Click SubMenu" library="Common">
<arg>//ul[@class='children']//a[@href='/robottester/tasks/index']//span[text()='Tasks']</arg>
<kw name="Wait Until Page Contains Element" library="SeleniumLibrary">
<arg>xpath:${XpathMenu}</arg>
<doc>Waits until the element ``locator`` appears on the current page.</doc>
<status status="PASS" starttime="20210505 23:33:35.709" endtime="20210505 23:33:36.731"/>
</kw>
<kw name="Click Element" library="SeleniumLibrary">
<arg>xpath:${XpathMenu}</arg>
<doc>Click the element identified by ``locator``.</doc>
<msg timestamp="20210505 23:33:36.731" level="INFO">Clicking element 'xpath://ul[@class='children']//a[@href='/robottester/tasks/index']//span[text()='Tasks']'.</msg>
<status status="PASS" starttime="20210505 23:33:36.731" endtime="20210505 23:33:38.795"/>
</kw>
<status status="PASS" starttime="20210505 23:33:35.709" endtime="20210505 23:33:38.795"/>
</kw>
<status status="PASS" starttime="20210505 23:33:35.708" endtime="20210505 23:33:38.795"/>
</kw>
<kw name="Wait Until Page Contains Element" library="SeleniumLibrary">
<arg>id:_q</arg>
<doc>Waits until the element ``locator`` appears on the current page.</doc>
<status status="PASS" starttime="20210505 23:33:38.795" endtime="20210505 23:33:39.809"/>
</kw>
<kw name="Input Text" library="SeleniumLibrary">
<arg>id:_q</arg>
<arg>${arg}\n</arg>
<doc>Types the given ``text`` into the text field identified by ``locator``.</doc>
<msg timestamp="20210505 23:33:39.809" level="INFO">Typing text 'TASK / TA1021
' into text field 'id:_q'.</msg>
<status status="PASS" starttime="20210505 23:33:39.809" endtime="20210505 23:33:42.948"/>
</kw>
<kw name="Sleep" library="BuiltIn">
<arg>5</arg>
<doc>Pauses the test executed for the given time.</doc>
<msg timestamp="20210505 23:33:47.959" level="INFO">Slept 5 seconds</msg>
<status status="PASS" starttime="20210505 23:33:42.948" endtime="20210505 23:33:47.959"/>
</kw>
<kw name="Wait Until Page Contains Element" library="SeleniumLibrary">
<arg>xpath://div[4]/table/tbody/tr[1]/td[2]//span/a</arg>
<doc>Waits until the element ``locator`` appears on the current page.</doc>
<status status="PASS" starttime="20210505 23:33:47.959" endtime="20210505 23:33:48.978"/>
</kw>
<kw name="Get Text" library="SeleniumLibrary">
<var>${actual}</var>
<arg>xpath://div[4]/table/tbody/tr[1]/td[2]//span/a</arg>
<doc>Returns the text value of the element identified by ``locator``.</doc>
<msg timestamp="20210505 23:33:51.019" level="INFO">${actual} = TA1021</msg>
<status status="PASS" starttime="20210505 23:33:48.978" endtime="20210505 23:33:51.019"/>
</kw>
<kw name="Log To Console" library="BuiltIn">
<arg>expected:${arg}__actual:${actual}</arg>
<doc>Logs the given message to the console.</doc>
<status status="PASS" starttime="20210505 23:33:51.019" endtime="20210505 23:33:51.019"/>
</kw>
<kw name="Should Contain" library="BuiltIn">
<arg>${arg}</arg>
<arg>${actual}</arg>
<doc>Fails if ``container`` does not contain ``item`` one or more times.</doc>
<status status="PASS" starttime="20210505 23:33:51.020" endtime="20210505 23:33:51.020"/>
</kw>
<status status="PASS" starttime="20210505 23:33:34.689" endtime="20210505 23:33:51.020"/>
</kw>
<kw name="Close Browser" library="SeleniumLibrary" type="TEARDOWN">
<doc>Closes the current browser.</doc>
<status status="PASS" starttime="20210505 23:33:51.020" endtime="20210505 23:33:54.081"/>
</kw>
<status status="PASS" starttime="20210505 23:32:19.818" endtime="20210505 23:33:54.081"/>
</test>
<test id="s1-t4" name="Scenario4">
<kw name="Open Browser" library="SeleniumLibrary" type="SETUP">
<arg>https://staging.arthuronline.co.uk/login?X-MODE=QA-eW91LXdpbi1ub3RoaW5nCg</arg>
<arg>chrome</arg>
<doc>Opens a new browser instance to the optional ``url``.</doc>
<msg timestamp="20210505 23:33:54.083" level="INFO">Opening browser 'chrome' to base url 'https://staging.arthuronline.co.uk/login?X-MODE=QA-eW91LXdpbi1ub3RoaW5nCg'.</msg>
<status status="PASS" starttime="20210505 23:33:54.082" endtime="20210505 23:33:58.582"/>
</kw>
<kw name="Login to system" library="Login_to_system">
<kw name="Set Selenium Timeout" library="SeleniumLibrary">
<arg>10 seconds</arg>
<doc>Sets the timeout that is used by various keywords.</doc>
<status status="PASS" starttime="20210505 23:33:58.583" endtime="20210505 23:33:59.585"/>
</kw>
<kw name="Set Selenium Speed" library="SeleniumLibrary">
<arg>1</arg>
<doc>Sets the delay that is waited after each Selenium command.</doc>
<status status="PASS" starttime="20210505 23:33:59.585" endtime="20210505 23:33:59.585"/>
</kw>
<kw name="Maximize Browser Window" library="SeleniumLibrary">
<doc>Maximizes current browser window.</doc>
<status status="PASS" starttime="20210505 23:33:59.585" endtime="20210505 23:34:00.724"/>
</kw>
<kw name="Input Text" library="SeleniumLibrary">
<arg>name:data[User][email]</arg>
<arg>robot+tester_1@firecreekweb.com</arg>
<doc>Types the given ``text`` into the text field identified by ``locator``.</doc>
<msg timestamp="20210505 23:34:00.724" level="INFO">Typing text 'robot+tester_1@firecreekweb.com' into text field 'name:data[User][email]'.</msg>
<status status="PASS" starttime="20210505 23:34:00.724" endtime="20210505 23:34:03.817"/>
</kw>
<kw name="Input Text" library="SeleniumLibrary">
<arg>name:data[User][password]</arg>
<arg>Qwerty66#</arg>
<doc>Types the given ``text`` into the text field identified by ``locator``.</doc>
<msg timestamp="20210505 23:34:03.817" level="INFO">Typing text 'Qwerty66#' into text field 'name:data[User][password]'.</msg>
<status status="PASS" starttime="20210505 23:34:03.817" endtime="20210505 23:34:06.904"/>
</kw>
<kw name="Wait Until Page Contains Element" library="SeleniumLibrary">
<arg>xpath://input[@value='Log in']</arg>
<doc>Waits until the element ``locator`` appears on the current page.</doc>
<status status="PASS" starttime="20210505 23:34:06.904" endtime="20210505 23:34:07.924"/>
</kw>
<kw name="Click Button" library="SeleniumLibrary">
<arg>xpath://input[@value='Log in']</arg>
<doc>Clicks the button identified by ``locator``.</doc>
<msg timestamp="20210505 23:34:07.924" level="INFO">Clicking button 'xpath://input[@value='Log in']'.</msg>
<status status="PASS" starttime="20210505 23:34:07.924" endtime="20210505 23:34:17.603"/>
</kw>
<status status="PASS" starttime="20210505 23:33:58.582" endtime="20210505 23:34:17.603"/>
</kw>
<kw name="Logout to system" library="Logout_of_system">
<kw name="Set Selenium Timeout" library="SeleniumLibrary">
<arg>10 seconds</arg>
<doc>Sets the timeout that is used by various keywords.</doc>
<status status="PASS" starttime="20210505 23:34:17.604" endtime="20210505 23:34:18.614"/>
</kw>
<kw name="Set Selenium Speed" library="SeleniumLibrary">
<arg>1</arg>
<doc>Sets the delay that is waited after each Selenium command.</doc>
<status status="PASS" starttime="20210505 23:34:18.614" endtime="20210505 23:34:18.614"/>
</kw>
<kw name="Wait Until Page Contains Element" library="SeleniumLibrary">
<arg>xpath://*[@data-panel='account']</arg>
<doc>Waits until the element ``locator`` appears on the current page.</doc>
<status status="PASS" starttime="20210505 23:34:18.614" endtime="20210505 23:34:19.624"/>
</kw>
<kw name="Click Element" library="SeleniumLibrary">
<arg>xpath://*[@data-panel='account']</arg>
<doc>Click the element identified by ``locator``.</doc>
<msg timestamp="20210505 23:34:19.624" level="INFO">Clicking element 'xpath://*[@data-panel='account']'.</msg>
<status status="PASS" starttime="20210505 23:34:19.624" endtime="20210505 23:34:21.677"/>
</kw>
<kw name="Wait Until Page Contains Element" library="SeleniumLibrary">
<arg>xpath://div[@id="accountPanel10787264b9e8cd8a1368d166815af95e48dc0b"]//*[@class='btn btn-secondary no-shadow']</arg>
<doc>Waits until the element ``locator`` appears on the current page.</doc>
<status status="PASS" starttime="20210505 23:34:21.677" endtime="20210505 23:34:22.700"/>
</kw>
<kw name="Click Button" library="SeleniumLibrary">
<arg>xpath://div[@id="accountPanel10787264b9e8cd8a1368d166815af95e48dc0b"]//*[@class='btn btn-secondary no-shadow']</arg>
<doc>Clicks the button identified by ``locator``.</doc>
<msg timestamp="20210505 23:34:22.700" level="INFO">Clicking button 'xpath://div[@id="accountPanel10787264b9e8cd8a1368d166815af95e48dc0b"]//*[@class='btn btn-secondary no-shadow']'.</msg>
<status status="PASS" starttime="20210505 23:34:22.700" endtime="20210505 23:34:27.812"/>
</kw>
<kw name="Wait Until Page Contains Element" library="SeleniumLibrary">
<arg>xpath://ul[not(@style='display:none;')]//*[@href="/users/logout/entity:robottester"]</arg>
<doc>Waits until the element ``locator`` appears on the current page.</doc>
<status status="PASS" starttime="20210505 23:34:27.812" endtime="20210505 23:34:28.827"/>
</kw>
<kw name="Click Element" library="SeleniumLibrary">
<arg>xpath://ul[not(@style='display:none;')]//*[@href="/users/logout/entity:robottester"]</arg>
<doc>Click the element identified by ``locator``.</doc>
<msg timestamp="20210505 23:34:28.827" level="INFO">Clicking element 'xpath://ul[not(@style='display:none;')]//*[@href="/users/logout/entity:robottester"]'.</msg>
<status status="PASS" starttime="20210505 23:34:28.827" endtime="20210505 23:34:32.518"/>
</kw>
<status status="PASS" starttime="20210505 23:34:17.603" endtime="20210505 23:34:32.518"/>
</kw>
<kw name="Validate to Logout to system" library="Logout_of_system">
<kw name="Set Selenium Speed" library="SeleniumLibrary">
<arg>1</arg>
<doc>Sets the delay that is waited after each Selenium command.</doc>
<status status="PASS" starttime="20210505 23:34:32.519" endtime="20210505 23:34:32.519"/>
</kw>
<kw name="Wait Until Page Contains Element" library="SeleniumLibrary">
<arg>xpath://div[@class='alert alert-error align-center']//strong</arg>
<doc>Waits until the element ``locator`` appears on the current page.</doc>
<status status="PASS" starttime="20210505 23:34:32.519" endtime="20210505 23:34:33.536"/>
</kw>
<kw name="Get Text" library="SeleniumLibrary">
<var>${actual}</var>
<arg>xpath://div[@class='alert alert-error align-center']//strong</arg>
<doc>Returns the text value of the element identified by ``locator``.</doc>
<msg timestamp="20210505 23:34:35.566" level="INFO">${actual} = This section on Arthur is locked</msg>
<status status="PASS" starttime="20210505 23:34:33.536" endtime="20210505 23:34:35.566"/>
</kw>
<kw name="Log To Console" library="BuiltIn">
<arg>expected:${expectedLogoutMessage}__actual:${actual}</arg>
<doc>Logs the given message to the console.</doc>
<status status="PASS" starttime="20210505 23:34:35.566" endtime="20210505 23:34:35.566"/>
</kw>
<kw name="Should Be True" library="BuiltIn">
<arg>"""${expectedLogoutMessage}""".lower() == """${actual}""".lower()</arg>
<doc>Fails if the given condition is not true.</doc>
<status status="PASS" starttime="20210505 23:34:35.566" endtime="20210505 23:34:35.567"/>
</kw>
<status status="PASS" starttime="20210505 23:34:32.519" endtime="20210505 23:34:35.567"/>
</kw>
<kw name="Close Browser" library="SeleniumLibrary" type="TEARDOWN">
<doc>Closes the current browser.</doc>
<status status="PASS" starttime="20210505 23:34:35.567" endtime="20210505 23:34:38.622"/>
</kw>
<status status="PASS" starttime="20210505 23:33:54.082" endtime="20210505 23:34:38.622"/>
</test>
<status status="PASS" starttime="20210505 23:28:30.363" endtime="20210505 23:34:38.624"/>
</suite>
<statistics>
<total>
<stat pass="4" fail="0" skip="0">All Tests</stat>
</total>
<tag>
</tag>
<suite>
<stat pass="4" fail="0" skip="0" id="s1" name="Main">Main</stat>
</suite>
</statistics>
<errors>
</errors>
</robot>
